<?xml version="1.0" ?>
<coverage version="5.5" timestamp="1622552491211" lines-valid="1283" lines-covered="1060" line-rate="0.8262" branches-covered="0" branches-valid="0" branch-rate="0" complexity="0">
	<!-- Generated by coverage.py: https://coverage.readthedocs.io -->
	<!-- Based on https://raw.githubusercontent.com/cobertura/web/master/htdocs/xml/coverage-04.dtd -->
	<sources>
		<source>C:\Users\Malac\ownCloud\Github\predictit_library\predictit</source>
	</sources>
	<packages>
		<package name="." line-rate="0.7924" branch-rate="0" complexity="0">
			<classes>
				<class name="__init__.py" filename="__init__.py" complexity="0" line-rate="0.9565" branch-rate="0">
					<methods/>
					<lines>
						<line number="3" hits="1"/>
						<line number="362" hits="1"/>
						<line number="363" hits="1"/>
						<line number="364" hits="1"/>
						<line number="365" hits="1"/>
						<line number="367" hits="1"/>
						<line number="384" hits="1"/>
						<line number="385" hits="1"/>
						<line number="386" hits="1"/>
						<line number="387" hits="1"/>
						<line number="388" hits="1"/>
						<line number="389" hits="1"/>
						<line number="390" hits="1"/>
						<line number="391" hits="1"/>
						<line number="392" hits="1"/>
						<line number="395" hits="1"/>
						<line number="396" hits="1"/>
						<line number="397" hits="1"/>
						<line number="399" hits="1"/>
						<line number="401" hits="1"/>
						<line number="402" hits="1"/>
						<line number="405" hits="1"/>
						<line number="406" hits="0"/>
					</lines>
				</class>
				<class name="analyze.py" filename="analyze.py" complexity="0" line-rate="0.9065" branch-rate="0">
					<methods/>
					<lines>
						<line number="5" hits="1"/>
						<line number="7" hits="1"/>
						<line number="9" hits="1"/>
						<line number="28" hits="1"/>
						<line number="39" hits="1"/>
						<line number="41" hits="1"/>
						<line number="42" hits="1"/>
						<line number="43" hits="1"/>
						<line number="44" hits="1"/>
						<line number="45" hits="1"/>
						<line number="46" hits="1"/>
						<line number="48" hits="1"/>
						<line number="50" hits="1"/>
						<line number="51" hits="1"/>
						<line number="53" hits="1"/>
						<line number="54" hits="0"/>
						<line number="55" hits="0"/>
						<line number="56" hits="0"/>
						<line number="58" hits="1"/>
						<line number="60" hits="1"/>
						<line number="61" hits="0"/>
						<line number="68" hits="1"/>
						<line number="70" hits="1"/>
						<line number="84" hits="1"/>
						<line number="85" hits="1"/>
						<line number="86" hits="1"/>
						<line number="87" hits="1"/>
						<line number="88" hits="1"/>
						<line number="90" hits="1"/>
						<line number="91" hits="1"/>
						<line number="92" hits="1"/>
						<line number="93" hits="1"/>
						<line number="95" hits="1"/>
						<line number="96" hits="1"/>
						<line number="97" hits="1"/>
						<line number="98" hits="1"/>
						<line number="100" hits="1"/>
						<line number="101" hits="1"/>
						<line number="103" hits="1"/>
						<line number="105" hits="1"/>
						<line number="106" hits="1"/>
						<line number="107" hits="1"/>
						<line number="108" hits="1"/>
						<line number="109" hits="1"/>
						<line number="111" hits="0"/>
						<line number="112" hits="0"/>
						<line number="117" hits="1"/>
						<line number="118" hits="1"/>
						<line number="120" hits="1"/>
						<line number="121" hits="1"/>
						<line number="122" hits="1"/>
						<line number="123" hits="1"/>
						<line number="124" hits="1"/>
						<line number="126" hits="1"/>
						<line number="127" hits="1"/>
						<line number="128" hits="1"/>
						<line number="129" hits="1"/>
						<line number="131" hits="1"/>
						<line number="132" hits="1"/>
						<line number="133" hits="1"/>
						<line number="134" hits="1"/>
						<line number="137" hits="1"/>
						<line number="138" hits="1"/>
						<line number="139" hits="1"/>
						<line number="140" hits="1"/>
						<line number="142" hits="0"/>
						<line number="145" hits="1"/>
						<line number="153" hits="1"/>
						<line number="154" hits="1"/>
						<line number="155" hits="1"/>
						<line number="157" hits="1"/>
						<line number="159" hits="1"/>
						<line number="160" hits="1"/>
						<line number="161" hits="1"/>
						<line number="164" hits="1"/>
						<line number="165" hits="0"/>
						<line number="167" hits="1"/>
						<line number="168" hits="1"/>
						<line number="176" hits="1"/>
						<line number="178" hits="1"/>
						<line number="181" hits="1"/>
						<line number="189" hits="1"/>
						<line number="190" hits="1"/>
						<line number="192" hits="1"/>
						<line number="193" hits="1"/>
						<line number="195" hits="1"/>
						<line number="196" hits="1"/>
						<line number="197" hits="1"/>
						<line number="198" hits="1"/>
						<line number="199" hits="1"/>
						<line number="201" hits="1"/>
						<line number="202" hits="1"/>
						<line number="203" hits="1"/>
						<line number="204" hits="1"/>
						<line number="206" hits="1"/>
						<line number="207" hits="1"/>
						<line number="208" hits="1"/>
						<line number="209" hits="1"/>
						<line number="211" hits="1"/>
						<line number="212" hits="1"/>
						<line number="213" hits="1"/>
						<line number="214" hits="1"/>
						<line number="216" hits="1"/>
						<line number="217" hits="1"/>
						<line number="219" hits="1"/>
						<line number="221" hits="0"/>
						<line number="222" hits="0"/>
					</lines>
				</class>
				<class name="best_params.py" filename="best_params.py" complexity="0" line-rate="0.734" branch-rate="0">
					<methods/>
					<lines>
						<line number="6" hits="1"/>
						<line number="7" hits="1"/>
						<line number="8" hits="1"/>
						<line number="9" hits="1"/>
						<line number="10" hits="1"/>
						<line number="12" hits="1"/>
						<line number="15" hits="1"/>
						<line number="65" hits="1"/>
						<line number="66" hits="1"/>
						<line number="67" hits="1"/>
						<line number="69" hits="1"/>
						<line number="70" hits="1"/>
						<line number="72" hits="1"/>
						<line number="83" hits="1"/>
						<line number="85" hits="1"/>
						<line number="87" hits="1"/>
						<line number="89" hits="1"/>
						<line number="91" hits="1"/>
						<line number="92" hits="1"/>
						<line number="100" hits="1"/>
						<line number="102" hits="1"/>
						<line number="105" hits="1"/>
						<line number="107" hits="0"/>
						<line number="108" hits="0"/>
						<line number="109" hits="0"/>
						<line number="110" hits="0"/>
						<line number="112" hits="1"/>
						<line number="113" hits="1"/>
						<line number="114" hits="1"/>
						<line number="115" hits="1"/>
						<line number="116" hits="0"/>
						<line number="118" hits="0"/>
						<line number="119" hits="0"/>
						<line number="120" hits="0"/>
						<line number="123" hits="0"/>
						<line number="126" hits="1"/>
						<line number="128" hits="1"/>
						<line number="129" hits="1"/>
						<line number="131" hits="1"/>
						<line number="134" hits="1"/>
						<line number="136" hits="1"/>
						<line number="138" hits="1"/>
						<line number="139" hits="0"/>
						<line number="140" hits="1"/>
						<line number="141" hits="0"/>
						<line number="142" hits="0"/>
						<line number="144" hits="1"/>
						<line number="146" hits="1"/>
						<line number="147" hits="1"/>
						<line number="148" hits="1"/>
						<line number="150" hits="1"/>
						<line number="152" hits="1"/>
						<line number="153" hits="1"/>
						<line number="155" hits="1"/>
						<line number="156" hits="1"/>
						<line number="157" hits="1"/>
						<line number="158" hits="1"/>
						<line number="160" hits="1"/>
						<line number="161" hits="1"/>
						<line number="162" hits="1"/>
						<line number="164" hits="1"/>
						<line number="165" hits="1"/>
						<line number="167" hits="1"/>
						<line number="168" hits="0"/>
						<line number="169" hits="0"/>
						<line number="171" hits="0"/>
						<line number="172" hits="0"/>
						<line number="174" hits="0"/>
						<line number="175" hits="0"/>
						<line number="176" hits="0"/>
						<line number="177" hits="0"/>
						<line number="181" hits="1"/>
						<line number="182" hits="1"/>
						<line number="184" hits="1"/>
						<line number="185" hits="0"/>
						<line number="187" hits="1"/>
						<line number="188" hits="1"/>
						<line number="191" hits="1"/>
						<line number="196" hits="1"/>
						<line number="197" hits="1"/>
						<line number="198" hits="1"/>
						<line number="200" hits="1"/>
						<line number="202" hits="1"/>
						<line number="204" hits="1"/>
						<line number="205" hits="0"/>
						<line number="207" hits="1"/>
						<line number="208" hits="1"/>
						<line number="209" hits="0"/>
						<line number="210" hits="1"/>
						<line number="211" hits="0"/>
						<line number="213" hits="1"/>
						<line number="214" hits="1"/>
						<line number="215" hits="1"/>
						<line number="216" hits="0"/>
					</lines>
				</class>
				<class name="configuration.py" filename="configuration.py" complexity="0" line-rate="0.9675" branch-rate="0">
					<methods/>
					<lines>
						<line number="43" hits="1"/>
						<line number="52" hits="1"/>
						<line number="69" hits="1"/>
						<line number="74" hits="1"/>
						<line number="75" hits="1"/>
						<line number="76" hits="1"/>
						<line number="77" hits="1"/>
						<line number="78" hits="1"/>
						<line number="80" hits="1"/>
						<line number="81" hits="1"/>
						<line number="85" hits="1"/>
						<line number="86" hits="1"/>
						<line number="87" hits="1"/>
						<line number="90" hits="1"/>
						<line number="92" hits="1"/>
						<line number="95" hits="1"/>
						<line number="103" hits="1"/>
						<line number="104" hits="1"/>
						<line number="106" hits="1"/>
						<line number="108" hits="1"/>
						<line number="112" hits="1"/>
						<line number="114" hits="1"/>
						<line number="115" hits="1"/>
						<line number="116" hits="1"/>
						<line number="117" hits="1"/>
						<line number="120" hits="1"/>
						<line number="121" hits="1"/>
						<line number="122" hits="1"/>
						<line number="123" hits="1"/>
						<line number="128" hits="1"/>
						<line number="129" hits="1"/>
						<line number="130" hits="1"/>
						<line number="131" hits="1"/>
						<line number="132" hits="1"/>
						<line number="133" hits="1"/>
						<line number="134" hits="1"/>
						<line number="141" hits="1"/>
						<line number="147" hits="1"/>
						<line number="148" hits="1"/>
						<line number="149" hits="1"/>
						<line number="150" hits="1"/>
						<line number="156" hits="1"/>
						<line number="157" hits="1"/>
						<line number="158" hits="1"/>
						<line number="163" hits="1"/>
						<line number="169" hits="1"/>
						<line number="170" hits="1"/>
						<line number="171" hits="1"/>
						<line number="172" hits="1"/>
						<line number="175" hits="1"/>
						<line number="176" hits="1"/>
						<line number="182" hits="1"/>
						<line number="183" hits="1"/>
						<line number="185" hits="1"/>
						<line number="186" hits="1"/>
						<line number="188" hits="1"/>
						<line number="189" hits="1"/>
						<line number="190" hits="1"/>
						<line number="191" hits="1"/>
						<line number="192" hits="1"/>
						<line number="193" hits="1"/>
						<line number="194" hits="1"/>
						<line number="197" hits="1"/>
						<line number="198" hits="1"/>
						<line number="200" hits="1"/>
						<line number="202" hits="1"/>
						<line number="203" hits="1"/>
						<line number="204" hits="1"/>
						<line number="205" hits="1"/>
						<line number="206" hits="1"/>
						<line number="207" hits="1"/>
						<line number="208" hits="1"/>
						<line number="211" hits="1"/>
						<line number="212" hits="1"/>
						<line number="213" hits="1"/>
						<line number="214" hits="1"/>
						<line number="217" hits="1"/>
						<line number="218" hits="1"/>
						<line number="219" hits="1"/>
						<line number="220" hits="1"/>
						<line number="221" hits="1"/>
						<line number="237" hits="1"/>
						<line number="273" hits="1"/>
						<line number="277" hits="1"/>
						<line number="278" hits="1"/>
						<line number="280" hits="1"/>
						<line number="332" hits="1"/>
						<line number="391" hits="1"/>
						<line number="534" hits="1"/>
						<line number="535" hits="1"/>
						<line number="538" hits="1"/>
						<line number="539" hits="1"/>
						<line number="540" hits="1"/>
						<line number="541" hits="1"/>
						<line number="542" hits="1"/>
						<line number="546" hits="1"/>
						<line number="548" hits="1"/>
						<line number="552" hits="1"/>
						<line number="553" hits="1"/>
						<line number="554" hits="1"/>
						<line number="591" hits="1"/>
						<line number="616" hits="1"/>
						<line number="621" hits="1"/>
						<line number="622" hits="1"/>
						<line number="623" hits="1"/>
						<line number="632" hits="1"/>
						<line number="688" hits="1"/>
						<line number="689" hits="1"/>
						<line number="690" hits="1"/>
						<line number="698" hits="1"/>
						<line number="699" hits="1"/>
						<line number="700" hits="1"/>
						<line number="701" hits="1"/>
						<line number="703" hits="1"/>
						<line number="704" hits="1"/>
						<line number="705" hits="1"/>
						<line number="712" hits="1"/>
						<line number="714" hits="1"/>
						<line number="717" hits="1"/>
						<line number="719" hits="0"/>
						<line number="721" hits="0"/>
						<line number="723" hits="0"/>
						<line number="724" hits="0"/>
					</lines>
				</class>
				<class name="database.py" filename="database.py" complexity="0" line-rate="0" branch-rate="0">
					<methods/>
					<lines>
						<line number="14" hits="0"/>
						<line number="57" hits="0"/>
						<line number="58" hits="0"/>
						<line number="60" hits="0"/>
						<line number="61" hits="0"/>
						<line number="62" hits="0"/>
						<line number="64" hits="0"/>
						<line number="66" hits="0"/>
						<line number="68" hits="0"/>
						<line number="69" hits="0"/>
						<line number="71" hits="0"/>
						<line number="72" hits="0"/>
						<line number="74" hits="0"/>
						<line number="77" hits="0"/>
						<line number="86" hits="0"/>
						<line number="87" hits="0"/>
						<line number="89" hits="0"/>
						<line number="90" hits="0"/>
						<line number="94" hits="0"/>
						<line number="96" hits="0"/>
						<line number="98" hits="0"/>
					</lines>
				</class>
				<class name="evaluate_predictions.py" filename="evaluate_predictions.py" complexity="0" line-rate="0.7826" branch-rate="0">
					<methods/>
					<lines>
						<line number="3" hits="1"/>
						<line number="4" hits="1"/>
						<line number="5" hits="1"/>
						<line number="6" hits="1"/>
						<line number="7" hits="1"/>
						<line number="17" hits="1"/>
						<line number="39" hits="1"/>
						<line number="41" hits="1"/>
						<line number="42" hits="0"/>
						<line number="43" hits="0"/>
						<line number="45" hits="1"/>
						<line number="46" hits="1"/>
						<line number="48" hits="1"/>
						<line number="49" hits="0"/>
						<line number="51" hits="0"/>
						<line number="53" hits="1"/>
						<line number="54" hits="1"/>
						<line number="55" hits="1"/>
						<line number="56" hits="1"/>
						<line number="58" hits="1"/>
						<line number="60" hits="1"/>
						<line number="62" hits="1"/>
						<line number="63" hits="1"/>
						<line number="64" hits="1"/>
						<line number="65" hits="1"/>
						<line number="66" hits="1"/>
						<line number="67" hits="1"/>
						<line number="68" hits="1"/>
						<line number="69" hits="1"/>
						<line number="71" hits="1"/>
						<line number="79" hits="1"/>
						<line number="80" hits="1"/>
						<line number="82" hits="1"/>
						<line number="84" hits="1"/>
						<line number="85" hits="1"/>
						<line number="86" hits="1"/>
						<line number="88" hits="1"/>
						<line number="89" hits="1"/>
						<line number="90" hits="1"/>
						<line number="92" hits="0"/>
						<line number="94" hits="0"/>
						<line number="95" hits="0"/>
						<line number="102" hits="0"/>
						<line number="104" hits="0"/>
						<line number="107" hits="0"/>
						<line number="113" hits="1"/>
					</lines>
				</class>
				<class name="gui_start.py" filename="gui_start.py" complexity="0" line-rate="0.14" branch-rate="0">
					<methods/>
					<lines>
						<line number="3" hits="1"/>
						<line number="4" hits="1"/>
						<line number="5" hits="1"/>
						<line number="6" hits="1"/>
						<line number="14" hits="1"/>
						<line number="22" hits="0"/>
						<line number="24" hits="0"/>
						<line number="27" hits="1"/>
						<line number="30" hits="0"/>
						<line number="32" hits="0"/>
						<line number="34" hits="0"/>
						<line number="36" hits="0"/>
						<line number="37" hits="0"/>
						<line number="40" hits="0"/>
						<line number="42" hits="0"/>
						<line number="44" hits="0"/>
						<line number="46" hits="0"/>
						<line number="47" hits="0"/>
						<line number="60" hits="0"/>
						<line number="61" hits="0"/>
						<line number="67" hits="0"/>
						<line number="68" hits="0"/>
						<line number="70" hits="0"/>
						<line number="71" hits="0"/>
						<line number="72" hits="0"/>
						<line number="73" hits="0"/>
						<line number="74" hits="0"/>
						<line number="75" hits="0"/>
						<line number="76" hits="0"/>
						<line number="78" hits="0"/>
						<line number="81" hits="0"/>
						<line number="85" hits="0"/>
						<line number="87" hits="0"/>
						<line number="88" hits="0"/>
						<line number="90" hits="0"/>
						<line number="93" hits="0"/>
						<line number="94" hits="0"/>
						<line number="96" hits="0"/>
						<line number="98" hits="0"/>
						<line number="99" hits="0"/>
						<line number="108" hits="0"/>
						<line number="110" hits="0"/>
						<line number="112" hits="0"/>
						<line number="114" hits="0"/>
						<line number="122" hits="0"/>
						<line number="131" hits="0"/>
						<line number="133" hits="0"/>
						<line number="142" hits="0"/>
						<line number="145" hits="1"/>
						<line number="146" hits="0"/>
					</lines>
				</class>
				<class name="main.py" filename="main.py" complexity="0" line-rate="0.8225" branch-rate="0">
					<methods/>
					<lines>
						<line number="4" hits="1"/>
						<line number="24" hits="1"/>
						<line number="25" hits="1"/>
						<line number="26" hits="1"/>
						<line number="27" hits="1"/>
						<line number="28" hits="1"/>
						<line number="29" hits="1"/>
						<line number="30" hits="1"/>
						<line number="32" hits="1"/>
						<line number="34" hits="1"/>
						<line number="35" hits="1"/>
						<line number="46" hits="1"/>
						<line number="47" hits="1"/>
						<line number="48" hits="0"/>
						<line number="50" hits="0"/>
						<line number="54" hits="1"/>
						<line number="55" hits="0"/>
						<line number="57" hits="1"/>
						<line number="58" hits="1"/>
						<line number="59" hits="1"/>
						<line number="62" hits="1"/>
						<line number="64" hits="0"/>
						<line number="66" hits="0"/>
						<line number="76" hits="0"/>
						<line number="77" hits="0"/>
						<line number="80" hits="0"/>
						<line number="87" hits="0"/>
						<line number="90" hits="1"/>
						<line number="115" hits="1"/>
						<line number="116" hits="1"/>
						<line number="118" hits="1"/>
						<line number="119" hits="1"/>
						<line number="122" hits="1"/>
						<line number="124" hits="1"/>
						<line number="127" hits="1"/>
						<line number="128" hits="0"/>
						<line number="130" hits="0"/>
						<line number="131" hits="0"/>
						<line number="134" hits="1"/>
						<line number="136" hits="0"/>
						<line number="137" hits="0"/>
						<line number="138" hits="0"/>
						<line number="139" hits="0"/>
						<line number="140" hits="0"/>
						<line number="144" hits="1"/>
						<line number="145" hits="1"/>
						<line number="148" hits="1"/>
						<line number="149" hits="1"/>
						<line number="151" hits="1"/>
						<line number="152" hits="1"/>
						<line number="154" hits="1"/>
						<line number="157" hits="1"/>
						<line number="159" hits="1"/>
						<line number="160" hits="1"/>
						<line number="161" hits="1"/>
						<line number="164" hits="1"/>
						<line number="165" hits="0"/>
						<line number="168" hits="1"/>
						<line number="170" hits="1"/>
						<line number="171" hits="0"/>
						<line number="178" hits="1"/>
						<line number="180" hits="1"/>
						<line number="181" hits="1"/>
						<line number="182" hits="1"/>
						<line number="184" hits="1"/>
						<line number="190" hits="1"/>
						<line number="191" hits="1"/>
						<line number="193" hits="1"/>
						<line number="207" hits="1"/>
						<line number="208" hits="1"/>
						<line number="210" hits="1"/>
						<line number="225" hits="1"/>
						<line number="226" hits="1"/>
						<line number="227" hits="1"/>
						<line number="230" hits="1"/>
						<line number="235" hits="1"/>
						<line number="236" hits="1"/>
						<line number="242" hits="1"/>
						<line number="243" hits="1"/>
						<line number="247" hits="1"/>
						<line number="248" hits="1"/>
						<line number="250" hits="1"/>
						<line number="251" hits="1"/>
						<line number="252" hits="1"/>
						<line number="254" hits="1"/>
						<line number="255" hits="1"/>
						<line number="256" hits="1"/>
						<line number="257" hits="1"/>
						<line number="258" hits="1"/>
						<line number="259" hits="1"/>
						<line number="263" hits="0"/>
						<line number="264" hits="0"/>
						<line number="266" hits="1"/>
						<line number="268" hits="1"/>
						<line number="270" hits="1"/>
						<line number="271" hits="1"/>
						<line number="273" hits="1"/>
						<line number="274" hits="1"/>
						<line number="275" hits="1"/>
						<line number="277" hits="1"/>
						<line number="278" hits="1"/>
						<line number="281" hits="1"/>
						<line number="282" hits="1"/>
						<line number="283" hits="1"/>
						<line number="287" hits="1"/>
						<line number="288" hits="1"/>
						<line number="290" hits="1"/>
						<line number="291" hits="1"/>
						<line number="293" hits="1"/>
						<line number="294" hits="1"/>
						<line number="295" hits="1"/>
						<line number="301" hits="1"/>
						<line number="303" hits="1"/>
						<line number="304" hits="1"/>
						<line number="307" hits="1"/>
						<line number="309" hits="1"/>
						<line number="310" hits="1"/>
						<line number="316" hits="1"/>
						<line number="317" hits="1"/>
						<line number="321" hits="1"/>
						<line number="322" hits="1"/>
						<line number="343" hits="1"/>
						<line number="352" hits="1"/>
						<line number="354" hits="1"/>
						<line number="355" hits="1"/>
						<line number="357" hits="1"/>
						<line number="358" hits="1"/>
						<line number="359" hits="1"/>
						<line number="364" hits="1"/>
						<line number="366" hits="1"/>
						<line number="370" hits="0"/>
						<line number="371" hits="0"/>
						<line number="372" hits="0"/>
						<line number="373" hits="0"/>
						<line number="374" hits="0"/>
						<line number="379" hits="0"/>
						<line number="380" hits="0"/>
						<line number="382" hits="1"/>
						<line number="384" hits="1"/>
						<line number="388" hits="1"/>
						<line number="389" hits="1"/>
						<line number="391" hits="1"/>
						<line number="396" hits="1"/>
						<line number="397" hits="1"/>
						<line number="400" hits="1"/>
						<line number="401" hits="1"/>
						<line number="407" hits="0"/>
						<line number="408" hits="0"/>
						<line number="414" hits="0"/>
						<line number="416" hits="1"/>
						<line number="417" hits="1"/>
						<line number="418" hits="1"/>
						<line number="428" hits="0"/>
						<line number="429" hits="0"/>
						<line number="432" hits="0"/>
						<line number="434" hits="1"/>
						<line number="438" hits="1"/>
						<line number="440" hits="1"/>
						<line number="487" hits="1"/>
						<line number="491" hits="1"/>
						<line number="493" hits="1"/>
						<line number="498" hits="1"/>
						<line number="500" hits="1"/>
						<line number="502" hits="1"/>
						<line number="503" hits="1"/>
						<line number="508" hits="1"/>
						<line number="509" hits="1"/>
						<line number="511" hits="1"/>
						<line number="513" hits="1"/>
						<line number="521" hits="1"/>
						<line number="526" hits="1"/>
						<line number="527" hits="1"/>
						<line number="529" hits="1"/>
						<line number="530" hits="1"/>
						<line number="531" hits="1"/>
						<line number="532" hits="0"/>
						<line number="533" hits="0"/>
						<line number="535" hits="1"/>
						<line number="536" hits="1"/>
						<line number="537" hits="1"/>
						<line number="540" hits="1"/>
						<line number="541" hits="1"/>
						<line number="542" hits="1"/>
						<line number="548" hits="1"/>
						<line number="549" hits="1"/>
						<line number="550" hits="0"/>
						<line number="551" hits="0"/>
						<line number="552" hits="0"/>
						<line number="553" hits="0"/>
						<line number="556" hits="1"/>
						<line number="557" hits="1"/>
						<line number="564" hits="1"/>
						<line number="565" hits="1"/>
						<line number="566" hits="1"/>
						<line number="576" hits="1"/>
						<line number="578" hits="1"/>
						<line number="579" hits="0"/>
						<line number="586" hits="1"/>
						<line number="589" hits="1"/>
						<line number="591" hits="1"/>
						<line number="594" hits="1"/>
						<line number="596" hits="1"/>
						<line number="600" hits="1"/>
						<line number="605" hits="1"/>
						<line number="608" hits="1"/>
						<line number="610" hits="1"/>
						<line number="612" hits="1"/>
						<line number="613" hits="1"/>
						<line number="614" hits="1"/>
						<line number="616" hits="1"/>
						<line number="617" hits="0"/>
						<line number="623" hits="1"/>
						<line number="624" hits="1"/>
						<line number="626" hits="1"/>
						<line number="627" hits="1"/>
						<line number="629" hits="1"/>
						<line number="630" hits="1"/>
						<line number="631" hits="1"/>
						<line number="632" hits="1"/>
						<line number="635" hits="1"/>
						<line number="637" hits="1"/>
						<line number="639" hits="1"/>
						<line number="640" hits="1"/>
						<line number="641" hits="1"/>
						<line number="643" hits="1"/>
						<line number="645" hits="1"/>
						<line number="649" hits="1"/>
						<line number="656" hits="1"/>
						<line number="658" hits="1"/>
						<line number="659" hits="0"/>
						<line number="660" hits="0"/>
						<line number="662" hits="1"/>
						<line number="663" hits="1"/>
						<line number="665" hits="1"/>
						<line number="667" hits="1"/>
						<line number="669" hits="1"/>
						<line number="671" hits="1"/>
						<line number="672" hits="1"/>
						<line number="679" hits="1"/>
						<line number="680" hits="0"/>
						<line number="684" hits="1"/>
						<line number="685" hits="1"/>
						<line number="687" hits="1"/>
						<line number="688" hits="1"/>
						<line number="694" hits="1"/>
						<line number="695" hits="1"/>
						<line number="696" hits="1"/>
						<line number="698" hits="1"/>
						<line number="700" hits="1"/>
						<line number="701" hits="1"/>
						<line number="703" hits="1"/>
						<line number="704" hits="1"/>
						<line number="717" hits="1"/>
						<line number="718" hits="1"/>
						<line number="727" hits="1"/>
						<line number="728" hits="1"/>
						<line number="729" hits="1"/>
						<line number="736" hits="1"/>
						<line number="737" hits="0"/>
						<line number="738" hits="0"/>
						<line number="740" hits="0"/>
						<line number="742" hits="1"/>
						<line number="745" hits="1"/>
						<line number="747" hits="1"/>
						<line number="748" hits="1"/>
						<line number="750" hits="1"/>
						<line number="751" hits="1"/>
						<line number="753" hits="1"/>
						<line number="754" hits="1"/>
						<line number="761" hits="1"/>
						<line number="763" hits="0"/>
						<line number="765" hits="0"/>
						<line number="785" hits="1"/>
						<line number="793" hits="1"/>
						<line number="795" hits="1"/>
						<line number="796" hits="1"/>
						<line number="805" hits="1"/>
						<line number="808" hits="1"/>
						<line number="826" hits="1"/>
						<line number="828" hits="1"/>
						<line number="829" hits="0"/>
						<line number="831" hits="1"/>
						<line number="832" hits="0"/>
						<line number="834" hits="1"/>
						<line number="836" hits="1"/>
						<line number="838" hits="1"/>
						<line number="839" hits="1"/>
						<line number="841" hits="1"/>
						<line number="843" hits="1"/>
						<line number="844" hits="0"/>
						<line number="854" hits="1"/>
						<line number="856" hits="1"/>
						<line number="858" hits="1"/>
						<line number="860" hits="1"/>
						<line number="862" hits="1"/>
						<line number="863" hits="1"/>
						<line number="865" hits="1"/>
						<line number="866" hits="1"/>
						<line number="875" hits="1"/>
						<line number="877" hits="1"/>
						<line number="880" hits="1"/>
						<line number="897" hits="1"/>
						<line number="898" hits="1"/>
						<line number="900" hits="1"/>
						<line number="902" hits="1"/>
						<line number="903" hits="0"/>
						<line number="905" hits="1"/>
						<line number="906" hits="0"/>
						<line number="908" hits="1"/>
						<line number="911" hits="1"/>
						<line number="914" hits="1"/>
						<line number="924" hits="1"/>
						<line number="925" hits="1"/>
						<line number="930" hits="1"/>
						<line number="932" hits="1"/>
						<line number="933" hits="1"/>
						<line number="935" hits="1"/>
						<line number="936" hits="1"/>
						<line number="938" hits="1"/>
						<line number="939" hits="1"/>
						<line number="940" hits="1"/>
						<line number="942" hits="1"/>
						<line number="944" hits="1"/>
						<line number="946" hits="1"/>
						<line number="947" hits="1"/>
						<line number="948" hits="1"/>
						<line number="950" hits="1"/>
						<line number="952" hits="1"/>
						<line number="953" hits="1"/>
						<line number="955" hits="1"/>
						<line number="956" hits="1"/>
						<line number="958" hits="1"/>
						<line number="959" hits="1"/>
						<line number="960" hits="1"/>
						<line number="961" hits="1"/>
						<line number="962" hits="0"/>
						<line number="963" hits="0"/>
						<line number="965" hits="1"/>
						<line number="967" hits="1"/>
						<line number="970" hits="1"/>
						<line number="972" hits="0"/>
						<line number="973" hits="0"/>
						<line number="974" hits="0"/>
						<line number="976" hits="1"/>
						<line number="977" hits="1"/>
						<line number="981" hits="1"/>
						<line number="982" hits="1"/>
						<line number="984" hits="1"/>
						<line number="985" hits="1"/>
						<line number="986" hits="1"/>
						<line number="988" hits="1"/>
						<line number="989" hits="1"/>
						<line number="990" hits="1"/>
						<line number="994" hits="1"/>
						<line number="996" hits="1"/>
						<line number="997" hits="1"/>
						<line number="998" hits="1"/>
						<line number="1000" hits="1"/>
						<line number="1001" hits="1"/>
						<line number="1003" hits="1"/>
						<line number="1006" hits="1"/>
						<line number="1009" hits="1"/>
						<line number="1010" hits="1"/>
						<line number="1019" hits="1"/>
						<line number="1029" hits="1"/>
						<line number="1031" hits="1"/>
						<line number="1033" hits="1"/>
						<line number="1039" hits="1"/>
						<line number="1040" hits="0"/>
						<line number="1041" hits="0"/>
						<line number="1043" hits="1"/>
						<line number="1044" hits="1"/>
						<line number="1045" hits="1"/>
						<line number="1046" hits="1"/>
						<line number="1049" hits="1"/>
						<line number="1051" hits="1"/>
						<line number="1054" hits="1"/>
						<line number="1055" hits="0"/>
						<line number="1056" hits="0"/>
						<line number="1058" hits="0"/>
						<line number="1059" hits="0"/>
						<line number="1061" hits="0"/>
						<line number="1062" hits="0"/>
					</lines>
				</class>
				<class name="main_loop.py" filename="main_loop.py" complexity="0" line-rate="0.9571" branch-rate="0">
					<methods/>
					<lines>
						<line number="1" hits="1"/>
						<line number="2" hits="1"/>
						<line number="3" hits="1"/>
						<line number="4" hits="1"/>
						<line number="11" hits="1"/>
						<line number="67" hits="1"/>
						<line number="71" hits="1"/>
						<line number="74" hits="1"/>
						<line number="75" hits="1"/>
						<line number="77" hits="1"/>
						<line number="78" hits="1"/>
						<line number="80" hits="1"/>
						<line number="82" hits="1"/>
						<line number="83" hits="1"/>
						<line number="85" hits="1"/>
						<line number="89" hits="1"/>
						<line number="91" hits="1"/>
						<line number="92" hits="1"/>
						<line number="94" hits="1"/>
						<line number="111" hits="1"/>
						<line number="113" hits="1"/>
						<line number="115" hits="1"/>
						<line number="116" hits="1"/>
						<line number="118" hits="0"/>
						<line number="119" hits="0"/>
						<line number="121" hits="1"/>
						<line number="123" hits="1"/>
						<line number="126" hits="1"/>
						<line number="127" hits="1"/>
						<line number="130" hits="1"/>
						<line number="133" hits="1"/>
						<line number="135" hits="1"/>
						<line number="136" hits="1"/>
						<line number="139" hits="1"/>
						<line number="142" hits="1"/>
						<line number="143" hits="1"/>
						<line number="145" hits="1"/>
						<line number="153" hits="1"/>
						<line number="154" hits="1"/>
						<line number="157" hits="1"/>
						<line number="160" hits="1"/>
						<line number="164" hits="1"/>
						<line number="165" hits="1"/>
						<line number="169" hits="1"/>
						<line number="170" hits="0"/>
						<line number="176" hits="1"/>
						<line number="184" hits="1"/>
						<line number="185" hits="1"/>
						<line number="191" hits="1"/>
						<line number="192" hits="1"/>
						<line number="193" hits="1"/>
						<line number="194" hits="1"/>
						<line number="195" hits="1"/>
						<line number="196" hits="1"/>
						<line number="199" hits="1"/>
						<line number="200" hits="1"/>
						<line number="202" hits="1"/>
						<line number="203" hits="1"/>
						<line number="204" hits="1"/>
						<line number="211" hits="1"/>
						<line number="213" hits="1"/>
						<line number="214" hits="1"/>
						<line number="215" hits="1"/>
						<line number="216" hits="1"/>
						<line number="218" hits="1"/>
						<line number="219" hits="1"/>
						<line number="221" hits="1"/>
						<line number="222" hits="1"/>
						<line number="223" hits="1"/>
						<line number="226" hits="1"/>
					</lines>
				</class>
				<class name="misc.py" filename="misc.py" complexity="0" line-rate="0.5926" branch-rate="0">
					<methods/>
					<lines>
						<line number="3" hits="1"/>
						<line number="10" hits="1"/>
						<line number="11" hits="1"/>
						<line number="12" hits="1"/>
						<line number="15" hits="1"/>
						<line number="31" hits="1"/>
						<line number="33" hits="1"/>
						<line number="34" hits="0"/>
						<line number="36" hits="1"/>
						<line number="38" hits="1"/>
						<line number="40" hits="1"/>
						<line number="41" hits="1"/>
						<line number="42" hits="1"/>
						<line number="44" hits="1"/>
						<line number="45" hits="1"/>
						<line number="46" hits="1"/>
						<line number="48" hits="0"/>
						<line number="50" hits="0"/>
						<line number="52" hits="0"/>
						<line number="53" hits="0"/>
						<line number="55" hits="0"/>
						<line number="56" hits="0"/>
						<line number="57" hits="0"/>
						<line number="59" hits="0"/>
						<line number="60" hits="0"/>
						<line number="61" hits="0"/>
						<line number="63" hits="1"/>
					</lines>
				</class>
			</classes>
		</package>
		<package name="models" line-rate="0.9169" branch-rate="0" complexity="0">
			<classes>
				<class name="__init__.py" filename="models/__init__.py" complexity="0" line-rate="1" branch-rate="0">
					<methods/>
					<lines>
						<line number="2" hits="1"/>
						<line number="34" hits="1"/>
						<line number="37" hits="1"/>
						<line number="38" hits="1"/>
						<line number="39" hits="1"/>
						<line number="40" hits="1"/>
						<line number="44" hits="1"/>
						<line number="47" hits="1"/>
						<line number="50" hits="1"/>
						<line number="52" hits="1"/>
						<line number="54" hits="1"/>
						<line number="67" hits="1"/>
					</lines>
				</class>
				<class name="autoreg_LNU.py" filename="models/autoreg_LNU.py" complexity="0" line-rate="0.9495" branch-rate="0">
					<methods/>
					<lines>
						<line number="1" hits="1"/>
						<line number="4" hits="1"/>
						<line number="44" hits="1"/>
						<line number="45" hits="1"/>
						<line number="47" hits="1"/>
						<line number="48" hits="1"/>
						<line number="50" hits="0"/>
						<line number="52" hits="1"/>
						<line number="53" hits="1"/>
						<line number="54" hits="1"/>
						<line number="56" hits="1"/>
						<line number="57" hits="1"/>
						<line number="58" hits="1"/>
						<line number="59" hits="1"/>
						<line number="61" hits="1"/>
						<line number="63" hits="1"/>
						<line number="64" hits="0"/>
						<line number="66" hits="1"/>
						<line number="67" hits="0"/>
						<line number="69" hits="1"/>
						<line number="71" hits="1"/>
						<line number="73" hits="1"/>
						<line number="75" hits="1"/>
						<line number="77" hits="1"/>
						<line number="78" hits="1"/>
						<line number="79" hits="1"/>
						<line number="81" hits="1"/>
						<line number="82" hits="1"/>
						<line number="83" hits="1"/>
						<line number="84" hits="1"/>
						<line number="85" hits="1"/>
						<line number="87" hits="1"/>
						<line number="88" hits="1"/>
						<line number="90" hits="1"/>
						<line number="91" hits="1"/>
						<line number="93" hits="1"/>
						<line number="95" hits="1"/>
						<line number="97" hits="1"/>
						<line number="98" hits="1"/>
						<line number="99" hits="1"/>
						<line number="100" hits="1"/>
						<line number="101" hits="1"/>
						<line number="103" hits="1"/>
						<line number="104" hits="1"/>
						<line number="106" hits="1"/>
						<line number="107" hits="1"/>
						<line number="108" hits="1"/>
						<line number="109" hits="1"/>
						<line number="110" hits="1"/>
						<line number="111" hits="1"/>
						<line number="113" hits="1"/>
						<line number="114" hits="1"/>
						<line number="116" hits="1"/>
						<line number="118" hits="1"/>
						<line number="119" hits="1"/>
						<line number="121" hits="1"/>
						<line number="123" hits="1"/>
						<line number="124" hits="1"/>
						<line number="128" hits="1"/>
						<line number="131" hits="1"/>
						<line number="133" hits="1"/>
						<line number="135" hits="1"/>
						<line number="137" hits="1"/>
						<line number="138" hits="0"/>
						<line number="140" hits="0"/>
						<line number="142" hits="1"/>
						<line number="144" hits="1"/>
						<line number="146" hits="1"/>
						<line number="147" hits="1"/>
						<line number="148" hits="1"/>
						<line number="149" hits="1"/>
						<line number="150" hits="1"/>
						<line number="151" hits="1"/>
						<line number="152" hits="1"/>
						<line number="154" hits="1"/>
						<line number="155" hits="1"/>
						<line number="156" hits="1"/>
						<line number="157" hits="1"/>
						<line number="158" hits="1"/>
						<line number="159" hits="1"/>
						<line number="161" hits="1"/>
						<line number="162" hits="1"/>
						<line number="163" hits="1"/>
						<line number="164" hits="1"/>
						<line number="165" hits="1"/>
						<line number="167" hits="1"/>
						<line number="168" hits="1"/>
						<line number="170" hits="1"/>
						<line number="172" hits="1"/>
						<line number="175" hits="1"/>
						<line number="187" hits="1"/>
						<line number="189" hits="1"/>
						<line number="191" hits="1"/>
						<line number="193" hits="1"/>
						<line number="194" hits="1"/>
						<line number="195" hits="1"/>
						<line number="197" hits="1"/>
						<line number="198" hits="1"/>
						<line number="200" hits="1"/>
					</lines>
				</class>
				<class name="average.py" filename="models/average.py" complexity="0" line-rate="1" branch-rate="0">
					<methods/>
					<lines>
						<line number="1" hits="1"/>
						<line number="4" hits="1"/>
						<line number="12" hits="1"/>
						<line number="15" hits="1"/>
						<line number="27" hits="1"/>
					</lines>
				</class>
				<class name="conjugate_gradient.py" filename="models/conjugate_gradient.py" complexity="0" line-rate="0.9286" branch-rate="0">
					<methods/>
					<lines>
						<line number="1" hits="1"/>
						<line number="2" hits="1"/>
						<line number="5" hits="1"/>
						<line number="18" hits="1"/>
						<line number="19" hits="1"/>
						<line number="21" hits="1"/>
						<line number="23" hits="1"/>
						<line number="24" hits="1"/>
						<line number="25" hits="1"/>
						<line number="26" hits="1"/>
						<line number="28" hits="1"/>
						<line number="30" hits="1"/>
						<line number="31" hits="1"/>
						<line number="32" hits="1"/>
						<line number="33" hits="1"/>
						<line number="34" hits="1"/>
						<line number="35" hits="1"/>
						<line number="36" hits="1"/>
						<line number="37" hits="1"/>
						<line number="38" hits="0"/>
						<line number="39" hits="1"/>
						<line number="40" hits="1"/>
						<line number="41" hits="1"/>
						<line number="42" hits="1"/>
						<line number="44" hits="0"/>
						<line number="46" hits="1"/>
						<line number="49" hits="1"/>
						<line number="61" hits="1"/>
					</lines>
				</class>
				<class name="levenberg_marquardt.py" filename="models/levenberg_marquardt.py" complexity="0" line-rate="1" branch-rate="0">
					<methods/>
					<lines>
						<line number="1" hits="1"/>
						<line number="2" hits="1"/>
						<line number="5" hits="1"/>
						<line number="18" hits="1"/>
						<line number="19" hits="1"/>
						<line number="21" hits="1"/>
						<line number="23" hits="1"/>
						<line number="24" hits="1"/>
						<line number="25" hits="1"/>
						<line number="30" hits="1"/>
						<line number="33" hits="1"/>
						<line number="45" hits="1"/>
					</lines>
				</class>
				<class name="regression.py" filename="models/regression.py" complexity="0" line-rate="0.9231" branch-rate="0">
					<methods/>
					<lines>
						<line number="1" hits="1"/>
						<line number="2" hits="1"/>
						<line number="5" hits="1"/>
						<line number="17" hits="1"/>
						<line number="18" hits="1"/>
						<line number="20" hits="1"/>
						<line number="21" hits="1"/>
						<line number="23" hits="1"/>
						<line number="24" hits="1"/>
						<line number="27" hits="0"/>
						<line number="29" hits="1"/>
						<line number="32" hits="1"/>
						<line number="44" hits="1"/>
					</lines>
				</class>
				<class name="sklearn_regression.py" filename="models/sklearn_regression.py" complexity="0" line-rate="0.9474" branch-rate="0">
					<methods/>
					<lines>
						<line number="9" hits="1"/>
						<line number="11" hits="1"/>
						<line number="19" hits="1"/>
						<line number="88" hits="1"/>
						<line number="91" hits="1"/>
						<line number="93" hits="1"/>
						<line number="94" hits="1"/>
						<line number="95" hits="1"/>
						<line number="96" hits="1"/>
						<line number="99" hits="1"/>
						<line number="101" hits="1"/>
						<line number="103" hits="1"/>
						<line number="105" hits="1"/>
						<line number="107" hits="0"/>
						<line number="116" hits="1"/>
						<line number="117" hits="1"/>
						<line number="119" hits="1"/>
						<line number="137" hits="1"/>
						<line number="139" hits="1"/>
						<line number="141" hits="1"/>
						<line number="142" hits="1"/>
						<line number="143" hits="1"/>
						<line number="146" hits="1"/>
						<line number="147" hits="1"/>
						<line number="148" hits="0"/>
						<line number="149" hits="0"/>
						<line number="151" hits="1"/>
						<line number="152" hits="1"/>
						<line number="154" hits="1"/>
						<line number="156" hits="1"/>
						<line number="159" hits="1"/>
						<line number="171" hits="1"/>
						<line number="173" hits="1"/>
						<line number="177" hits="1"/>
						<line number="180" hits="1"/>
						<line number="199" hits="1"/>
						<line number="200" hits="1"/>
						<line number="201" hits="1"/>
						<line number="203" hits="1"/>
						<line number="205" hits="1"/>
						<line number="206" hits="1"/>
						<line number="207" hits="1"/>
						<line number="209" hits="1"/>
						<line number="210" hits="1"/>
						<line number="218" hits="1"/>
						<line number="219" hits="1"/>
						<line number="221" hits="1"/>
						<line number="222" hits="1"/>
						<line number="224" hits="1"/>
						<line number="225" hits="1"/>
						<line number="247" hits="1"/>
						<line number="251" hits="1"/>
						<line number="253" hits="1"/>
						<line number="254" hits="1"/>
						<line number="256" hits="1"/>
						<line number="258" hits="1"/>
						<line number="260" hits="1"/>
					</lines>
				</class>
				<class name="statsmodels_autoregressive.py" filename="models/statsmodels_autoregressive.py" complexity="0" line-rate="0.9677" branch-rate="0">
					<methods/>
					<lines>
						<line number="8" hits="1"/>
						<line number="35" hits="1"/>
						<line number="36" hits="1"/>
						<line number="37" hits="1"/>
						<line number="38" hits="1"/>
						<line number="40" hits="1"/>
						<line number="42" hits="1"/>
						<line number="43" hits="1"/>
						<line number="44" hits="1"/>
						<line number="46" hits="1"/>
						<line number="47" hits="1"/>
						<line number="48" hits="1"/>
						<line number="49" hits="1"/>
						<line number="51" hits="1"/>
						<line number="52" hits="1"/>
						<line number="53" hits="1"/>
						<line number="54" hits="1"/>
						<line number="56" hits="1"/>
						<line number="57" hits="1"/>
						<line number="58" hits="1"/>
						<line number="65" hits="1"/>
						<line number="68" hits="0"/>
						<line number="72" hits="1"/>
						<line number="73" hits="1"/>
						<line number="75" hits="1"/>
						<line number="78" hits="1"/>
						<line number="90" hits="1"/>
						<line number="93" hits="1"/>
						<line number="94" hits="1"/>
						<line number="97" hits="1"/>
						<line number="99" hits="1"/>
					</lines>
				</class>
				<class name="tensorflow.py" filename="models/tensorflow.py" complexity="0" line-rate="0.7794" branch-rate="0">
					<methods/>
					<lines>
						<line number="1" hits="1"/>
						<line number="2" hits="1"/>
						<line number="4" hits="1"/>
						<line number="10" hits="1"/>
						<line number="50" hits="1"/>
						<line number="51" hits="0"/>
						<line number="59" hits="1"/>
						<line number="61" hits="1"/>
						<line number="62" hits="1"/>
						<line number="63" hits="1"/>
						<line number="69" hits="1"/>
						<line number="70" hits="1"/>
						<line number="76" hits="1"/>
						<line number="77" hits="1"/>
						<line number="78" hits="1"/>
						<line number="80" hits="1"/>
						<line number="92" hits="1"/>
						<line number="93" hits="1"/>
						<line number="94" hits="0"/>
						<line number="95" hits="0"/>
						<line number="97" hits="0"/>
						<line number="99" hits="1"/>
						<line number="100" hits="1"/>
						<line number="102" hits="1"/>
						<line number="103" hits="0"/>
						<line number="104" hits="0"/>
						<line number="105" hits="0"/>
						<line number="107" hits="0"/>
						<line number="108" hits="0"/>
						<line number="110" hits="0"/>
						<line number="111" hits="0"/>
						<line number="114" hits="1"/>
						<line number="115" hits="1"/>
						<line number="116" hits="0"/>
						<line number="117" hits="1"/>
						<line number="119" hits="1"/>
						<line number="120" hits="1"/>
						<line number="121" hits="1"/>
						<line number="125" hits="1"/>
						<line number="127" hits="1"/>
						<line number="129" hits="1"/>
						<line number="131" hits="1"/>
						<line number="132" hits="0"/>
						<line number="134" hits="1"/>
						<line number="136" hits="1"/>
						<line number="137" hits="1"/>
						<line number="139" hits="1"/>
						<line number="140" hits="1"/>
						<line number="142" hits="1"/>
						<line number="144" hits="1"/>
						<line number="145" hits="1"/>
						<line number="147" hits="1"/>
						<line number="150" hits="1"/>
						<line number="162" hits="1"/>
						<line number="163" hits="0"/>
						<line number="165" hits="1"/>
						<line number="168" hits="1"/>
						<line number="175" hits="1"/>
						<line number="176" hits="0"/>
						<line number="184" hits="1"/>
						<line number="186" hits="1"/>
						<line number="187" hits="1"/>
						<line number="188" hits="1"/>
						<line number="189" hits="1"/>
						<line number="190" hits="1"/>
						<line number="193" hits="1"/>
						<line number="194" hits="1"/>
						<line number="196" hits="1"/>
					</lines>
				</class>
			</classes>
		</package>
		<package name="models.models_functions" line-rate="1" branch-rate="0" complexity="0">
			<classes>
				<class name="__init__.py" filename="models/models_functions/__init__.py" complexity="0" line-rate="1" branch-rate="0">
					<methods/>
					<lines>
						<line number="4" hits="1"/>
						<line number="6" hits="1"/>
					</lines>
				</class>
				<class name="models_functions.py" filename="models/models_functions/models_functions.py" complexity="0" line-rate="1" branch-rate="0">
					<methods/>
					<lines>
						<line number="1" hits="1"/>
						<line number="4" hits="1"/>
						<line number="16" hits="1"/>
						<line number="18" hits="1"/>
						<line number="19" hits="1"/>
						<line number="20" hits="1"/>
						<line number="21" hits="1"/>
						<line number="22" hits="1"/>
						<line number="23" hits="1"/>
						<line number="25" hits="1"/>
						<line number="26" hits="1"/>
						<line number="28" hits="1"/>
					</lines>
				</class>
			</classes>
		</package>
	</packages>
</coverage>
